# JRE version: Java(TM) SE Runtime Environment (8.0_101-b13) (build 1.8.0_101-b13)
# Java VM: Java HotSpot(TM) 64-Bit Server VM (25.101-b13 mixed mode bsd-amd64 compressed oops)
Heap:
 PSYoungGen      total 662528K, used 8485K [0x0000000795580000, 0x00000007bfc00000, 0x00000007c0000000)
  eden space 657920K, 1% used [0x0000000795580000,0x0000000795dc9560,0x00000007bd800000)
  from space 4608K, 0% used [0x00000007bf700000,0x00000007bf700000,0x00000007bfb80000)
  to   space 512K, 0% used [0x00000007bfb80000,0x00000007bfb80000,0x00000007bfc00000)
 ParOldGen       total 67072K, used 4694K [0x0000000740000000, 0x0000000744180000, 0x0000000795580000)
  object space 67072K, 6% used [0x0000000740000000,0x0000000740495980,0x0000000744180000)
 Metaspace       used 16581K, capacity 16778K, committed 17280K, reserved 1064960K
  class space    used 2264K, capacity 2319K, committed 2432K, reserved 1048576K
GC Heap History (10 events):
Event: 128.618 GC heap before
{Heap before GC invocations=131 (full 3):
 PSYoungGen      total 693760K, used 691904K [0x0000000795580000, 0x00000007c0000000, 0x00000007c0000000)
  eden space 688640K, 100% used [0x0000000795580000,0x00000007bf600000,0x00000007bf600000)
  from space 5120K, 63% used [0x00000007bf600000,0x00000007bf930000,0x00000007bfb00000)
  to   space 5120K, 0% used [0x00000007bfb00000,0x00000007bfb00000,0x00000007c0000000)
 ParOldGen       total 70656K, used 50315K [0x0000000740000000, 0x0000000744500000, 0x0000000795580000)
  object space 70656K, 71% used [0x0000000740000000,0x0000000743122d10,0x0000000744500000)
 Metaspace       used 16271K, capacity 16464K, committed 16768K, reserved 1062912K
  class space    used 2257K, capacity 2324K, committed 2432K, reserved 1048576K
Event: 128.626 GC heap after
Heap after GC invocations=131 (full 3):
 PSYoungGen      total 692736K, used 3296K [0x0000000795580000, 0x00000007bff00000, 0x00000007c0000000)
  eden space 688640K, 0% used [0x0000000795580000,0x0000000795580000,0x00000007bf600000)
  from space 4096K, 80% used [0x00000007bfb00000,0x00000007bfe38000,0x00000007bff00000)
  to   space 4608K, 0% used [0x00000007bf600000,0x00000007bf600000,0x00000007bfa80000)
 ParOldGen       total 70656K, used 53523K [0x0000000740000000, 0x0000000744500000, 0x0000000795580000)
  object space 70656K, 75% used [0x0000000740000000,0x0000000743444d10,0x0000000744500000)
 Metaspace       used 16271K, capacity 16464K, committed 16768K, reserved 1062912K
  class space    used 2257K, capacity 2324K, committed 2432K, reserved 1048576K
}
Event: 129.741 GC heap before
{Heap before GC invocations=132 (full 3):
 PSYoungGen      total 692736K, used 691936K [0x0000000795580000, 0x00000007bff00000, 0x00000007c0000000)
  eden space 688640K, 100% used [0x0000000795580000,0x00000007bf600000,0x00000007bf600000)
  from space 4096K, 80% used [0x00000007bfb00000,0x00000007bfe38000,0x00000007bff00000)
  to   space 4608K, 0% used [0x00000007bf600000,0x00000007bf600000,0x00000007bfa80000)
 ParOldGen       total 70656K, used 53523K [0x0000000740000000, 0x0000000744500000, 0x0000000795580000)
  object space 70656K, 75% used [0x0000000740000000,0x0000000743444d10,0x0000000744500000)
 Metaspace       used 16271K, capacity 16464K, committed 16768K, reserved 1062912K
  class space    used 2257K, capacity 2324K, committed 2432K, reserved 1048576K
Event: 129.750 GC heap after
Heap after GC invocations=132 (full 3):
 PSYoungGen      total 693248K, used 3296K [0x0000000795580000, 0x00000007c0000000, 0x00000007c0000000)
  eden space 688640K, 0% used [0x0000000795580000,0x0000000795580000,0x00000007bf600000)
  from space 4608K, 71% used [0x00000007bf600000,0x00000007bf938000,0x00000007bfa80000)
  to   space 4608K, 0% used [0x00000007bfb80000,0x00000007bfb80000,0x00000007c0000000)
 ParOldGen       total 70656K, used 56787K [0x0000000740000000, 0x0000000744500000, 0x0000000795580000)
  object space 70656K, 80% used [0x0000000740000000,0x0000000743774d10,0x0000000744500000)
 Metaspace       used 16271K, capacity 16464K, committed 16768K, reserved 1062912K
  class space    used 2257K, capacity 2324K, committed 2432K, reserved 1048576K
}
Event: 130.855 GC heap before
{Heap before GC invocations=133 (full 3):
 PSYoungGen      total 693248K, used 691936K [0x0000000795580000, 0x00000007c0000000, 0x00000007c0000000)
  eden space 688640K, 100% used [0x0000000795580000,0x00000007bf600000,0x00000007bf600000)
  from space 4608K, 71% used [0x00000007bf600000,0x00000007bf938000,0x00000007bfa80000)
  to   space 4608K, 0% used [0x00000007bfb80000,0x00000007bfb80000,0x00000007c0000000)
 ParOldGen       total 70656K, used 56787K [0x0000000740000000, 0x0000000744500000, 0x0000000795580000)
  object space 70656K, 80% used [0x0000000740000000,0x0000000743774d10,0x0000000744500000)
 Metaspace       used 16271K, capacity 16464K, committed 16768K, reserved 1062912K
  class space    used 2257K, capacity 2324K, committed 2432K, reserved 1048576K
Event: 130.864 GC heap after
Heap after GC invocations=133 (full 3):
 PSYoungGen      total 694272K, used 3264K [0x0000000795580000, 0x00000007c0000000, 0x00000007c0000000)
  eden space 689664K, 0% used [0x0000000795580000,0x0000000795580000,0x00000007bf700000)
  from space 4608K, 70% used [0x00000007bfb80000,0x00000007bfeb0000,0x00000007c0000000)
  to   space 4608K, 0% used [0x00000007bf700000,0x00000007bf700000,0x00000007bfb80000)
 ParOldGen       total 70656K, used 60035K [0x0000000740000000, 0x0000000744500000, 0x0000000795580000)
  object space 70656K, 84% used [0x0000000740000000,0x0000000743aa0d10,0x0000000744500000)
 Metaspace       used 16271K, capacity 16464K, committed 16768K, reserved 1062912K
  class space    used 2257K, capacity 2324K, committed 2432K, reserved 1048576K
}
Event: 3672.808 GC heap before
{Heap before GC invocations=134 (full 3):
 PSYoungGen      total 694272K, used 692928K [0x0000000795580000, 0x00000007c0000000, 0x00000007c0000000)
  eden space 689664K, 100% used [0x0000000795580000,0x00000007bf700000,0x00000007bf700000)
  from space 4608K, 70% used [0x00000007bfb80000,0x00000007bfeb0000,0x00000007c0000000)
  to   space 4608K, 0% used [0x00000007bf700000,0x00000007bf700000,0x00000007bfb80000)
 ParOldGen       total 70656K, used 60035K [0x0000000740000000, 0x0000000744500000, 0x0000000795580000)
  object space 70656K, 84% used [0x0000000740000000,0x0000000743aa0d10,0x0000000744500000)
 Metaspace       used 16571K, capacity 16796K, committed 17280K, reserved 1064960K
  class space    used 2264K, capacity 2326K, committed 2432K, reserved 1048576K
Event: 3673.012 GC heap after
Heap after GC invocations=134 (full 3):
 PSYoungGen      total 662528K, used 4578K [0x0000000795580000, 0x00000007bfc00000, 0x00000007c0000000)
  eden space 657920K, 0% used [0x0000000795580000,0x0000000795580000,0x00000007bd800000)
  from space 4608K, 99% used [0x00000007bf700000,0x00000007bfb789f0,0x00000007bfb80000)
  to   space 512K, 0% used [0x00000007bfb80000,0x00000007bfb80000,0x00000007bfc00000)
 ParOldGen       total 73728K, used 72138K [0x0000000740000000, 0x0000000744800000, 0x0000000795580000)
  object space 73728K, 97% used [0x0000000740000000,0x0000000744672900,0x0000000744800000)
 Metaspace       used 16571K, capacity 16796K, committed 17280K, reserved 1064960K
  class space    used 2264K, capacity 2326K, committed 2432K, reserved 1048576K
}
Event: 3673.012 GC heap before
{Heap before GC invocations=135 (full 4):
 PSYoungGen      total 662528K, used 4578K [0x0000000795580000, 0x00000007bfc00000, 0x00000007c0000000)
  eden space 657920K, 0% used [0x0000000795580000,0x0000000795580000,0x00000007bd800000)
  from space 4608K, 99% used [0x00000007bf700000,0x00000007bfb789f0,0x00000007bfb80000)
  to   space 512K, 0% used [0x00000007bfb80000,0x00000007bfb80000,0x00000007bfc00000)
 ParOldGen       total 73728K, used 72138K [0x0000000740000000, 0x0000000744800000, 0x0000000795580000)
  object space 73728K, 97% used [0x0000000740000000,0x0000000744672900,0x0000000744800000)
 Metaspace       used 16571K, capacity 16796K, committed 17280K, reserved 1064960K
  class space    used 2264K, capacity 2326K, committed 2432K, reserved 1048576K
Event: 3673.083 GC heap after
Heap after GC invocations=135 (full 4):
 PSYoungGen      total 662528K, used 0K [0x0000000795580000, 0x00000007bfc00000, 0x00000007c0000000)
  eden space 657920K, 0% used [0x0000000795580000,0x0000000795580000,0x00000007bd800000)
  from space 4608K, 0% used [0x00000007bf700000,0x00000007bf700000,0x00000007bfb80000)
  to   space 512K, 0% used [0x00000007bfb80000,0x00000007bfb80000,0x00000007bfc00000)
 ParOldGen       total 67072K, used 4694K [0x0000000740000000, 0x0000000744180000, 0x0000000795580000)
  object space 67072K, 6% used [0x0000000740000000,0x0000000740495980,0x0000000744180000)
 Metaspace       used 16560K, capacity 16778K, committed 17280K, reserved 1064960K
  class space    used 2260K, capacity 2319K, committed 2432K, reserved 1048576K
}

